# JRE version: OpenJDK Runtime Environment (17.0.2+8) (build 17.0.2+8-86)
# Java VM: OpenJDK 64-Bit Server VM (17.0.2+8-86, mixed mode, tiered, compressed oops, compressed class ptrs, g1 gc, windows-amd64)
GC Precious Log:
 CPUs: 12 total, 12 available
 Memory: 16158M
 Large Page Support: Disabled
 NUMA Support: Disabled
 Compressed Oops: Enabled (Zero based)
 Heap Region Size: 2M
 Heap Min Capacity: 8M
 Heap Initial Capacity: 254M
 Heap Max Capacity: 4040M
 Pre-touch: Disabled
 Parallel Workers: 10
 Concurrent Workers: 3
 Concurrent Refinement Workers: 10
 Periodic GC: Disabled
Heap:
 garbage-first heap   total 40960K, used 33764K [0x00000006c3800000, 0x00000007c0000000)
  region size 2048K, 9 young (18432K), 1 survivors (2048K)
 Metaspace       used 35672K, committed 35968K, reserved 1081344K
  class space    used 4159K, committed 4352K, reserved 1048576K
GC Heap History (16 events):
Event: 0.350 GC heap before
{Heap before GC invocations=0 (full 0):
 garbage-first heap   total 260096K, used 22528K [0x00000006c3800000, 0x00000007c0000000)
  region size 2048K, 11 young (22528K), 0 survivors (0K)
 Metaspace       used 7022K, committed 7232K, reserved 1056768K
  class space    used 606K, committed 704K, reserved 1048576K
}
Event: 0.352 GC heap after
{Heap after GC invocations=1 (full 0):
 garbage-first heap   total 260096K, used 981K [0x00000006c3800000, 0x00000007c0000000)
  region size 2048K, 1 young (2048K), 1 survivors (2048K)
 Metaspace       used 7022K, committed 7232K, reserved 1056768K
  class space    used 606K, committed 704K, reserved 1048576K
}
Event: 1.320 GC heap before
{Heap before GC invocations=1 (full 0):
 garbage-first heap   total 260096K, used 43989K [0x00000006c3800000, 0x00000007c0000000)
  region size 2048K, 22 young (45056K), 1 survivors (2048K)
 Metaspace       used 20410K, committed 20608K, reserved 1073152K
  class space    used 2106K, committed 2176K, reserved 1048576K
}
Event: 1.324 GC heap after
{Heap after GC invocations=2 (full 0):
 garbage-first heap   total 260096K, used 7351K [0x00000006c3800000, 0x00000007c0000000)
  region size 2048K, 3 young (6144K), 3 survivors (6144K)
 Metaspace       used 20410K, committed 20608K, reserved 1073152K
  class space    used 2106K, committed 2176K, reserved 1048576K
}
Event: 1.403 GC heap before
{Heap before GC invocations=2 (full 0):
 garbage-first heap   total 260096K, used 15543K [0x00000006c3800000, 0x00000007c0000000)
  region size 2048K, 8 young (16384K), 3 survivors (6144K)
 Metaspace       used 21359K, committed 21504K, reserved 1073152K
  class space    used 2237K, committed 2304K, reserved 1048576K
}
Event: 1.406 GC heap after
{Heap after GC invocations=3 (full 0):
 garbage-first heap   total 260096K, used 7718K [0x00000006c3800000, 0x00000007c0000000)
  region size 2048K, 4 young (8192K), 4 survivors (8192K)
 Metaspace       used 21359K, committed 21504K, reserved 1073152K
  class space    used 2237K, committed 2304K, reserved 1048576K
}
Event: 1.737 GC heap before
{Heap before GC invocations=4 (full 0):
 garbage-first heap   total 40960K, used 28198K [0x00000006c3800000, 0x00000007c0000000)
  region size 2048K, 15 young (30720K), 4 survivors (8192K)
 Metaspace       used 24388K, committed 24640K, reserved 1073152K
  class space    used 2701K, committed 2816K, reserved 1048576K
}
Event: 1.743 GC heap after
{Heap after GC invocations=5 (full 0):
 garbage-first heap   total 40960K, used 8357K [0x00000006c3800000, 0x00000007c0000000)
  region size 2048K, 1 young (2048K), 1 survivors (2048K)
 Metaspace       used 24388K, committed 24640K, reserved 1073152K
  class space    used 2701K, committed 2816K, reserved 1048576K
}
Event: 1.798 GC heap before
{Heap before GC invocations=5 (full 0):
 garbage-first heap   total 40960K, used 10405K [0x00000006c3800000, 0x00000007c0000000)
  region size 2048K, 2 young (4096K), 1 survivors (2048K)
 Metaspace       used 25337K, committed 25600K, reserved 1073152K
  class space    used 2798K, committed 2944K, reserved 1048576K
}
Event: 1.800 GC heap after
{Heap after GC invocations=6 (full 0):
 garbage-first heap   total 40960K, used 8663K [0x00000006c3800000, 0x00000007c0000000)
  region size 2048K, 1 young (2048K), 1 survivors (2048K)
 Metaspace       used 25337K, committed 25600K, reserved 1073152K
  class space    used 2798K, committed 2944K, reserved 1048576K
}
Event: 2.183 GC heap before
{Heap before GC invocations=6 (full 0):
 garbage-first heap   total 40960K, used 29143K [0x00000006c3800000, 0x00000007c0000000)
  region size 2048K, 11 young (22528K), 1 survivors (2048K)
 Metaspace       used 29612K, committed 29760K, reserved 1081344K
  class space    used 3336K, committed 3392K, reserved 1048576K
}
Event: 2.185 GC heap after
{Heap after GC invocations=7 (full 0):
 garbage-first heap   total 40960K, used 9799K [0x00000006c3800000, 0x00000007c0000000)
  region size 2048K, 2 young (4096K), 2 survivors (4096K)
 Metaspace       used 29612K, committed 29760K, reserved 1081344K
  class space    used 3336K, committed 3392K, reserved 1048576K
}
Event: 2.620 GC heap before
{Heap before GC invocations=7 (full 0):
 garbage-first heap   total 40960K, used 28231K [0x00000006c3800000, 0x00000007c0000000)
  region size 2048K, 12 young (24576K), 2 survivors (4096K)
 Metaspace       used 33254K, committed 33536K, reserved 1081344K
  class space    used 3881K, committed 4032K, reserved 1048576K
}
Event: 2.623 GC heap after
{Heap after GC invocations=8 (full 0):
 garbage-first heap   total 40960K, used 11125K [0x00000006c3800000, 0x00000007c0000000)
  region size 2048K, 2 young (4096K), 2 survivors (4096K)
 Metaspace       used 33254K, committed 33536K, reserved 1081344K
  class space    used 3881K, committed 4032K, reserved 1048576K
}
Event: 2.767 GC heap before
{Heap before GC invocations=8 (full 0):
 garbage-first heap   total 40960K, used 17269K [0x00000006c3800000, 0x00000007c0000000)
  region size 2048K, 6 young (12288K), 2 survivors (4096K)
 Metaspace       used 33575K, committed 33792K, reserved 1081344K
  class space    used 3901K, committed 4032K, reserved 1048576K
}
Event: 2.770 GC heap after
{Heap after GC invocations=9 (full 0):
 garbage-first heap   total 40960K, used 11236K [0x00000006c3800000, 0x00000007c0000000)
  region size 2048K, 1 young (2048K), 1 survivors (2048K)
 Metaspace       used 33575K, committed 33792K, reserved 1081344K
  class space    used 3901K, committed 4032K, reserved 1048576K
}

