# JRE version: Java(TM) SE Runtime Environment (8.0_25-b18) (build 1.8.0_25-b18)
# Java VM: Java HotSpot(TM) 64-Bit Server VM (25.25-b02 mixed mode windows-amd64 compressed oops)
Heap:
 PSYoungGen      total 452096K, used 398652K [0x000000076ae00000, 0x000000078fe80000, 0x00000007c0000000)
  eden space 430592K, 89% used [0x000000076ae00000,0x000000078267ded0,0x0000000785280000)
  from space 21504K, 61% used [0x0000000785280000,0x0000000785f51180,0x0000000786780000)
  to   space 20480K, 0% used [0x000000078ea80000,0x000000078ea80000,0x000000078fe80000)
 ParOldGen       total 138240K, used 60631K [0x00000006c0a00000, 0x00000006c9100000, 0x000000076ae00000)
  object space 138240K, 43% used [0x00000006c0a00000,0x00000006c4535e58,0x00000006c9100000)
 Metaspace       used 36941K, capacity 37946K, committed 38016K, reserved 1083392K
  class space    used 4489K, capacity 4727K, committed 4736K, reserved 1048576K
GC Heap History (10 events):
Event: 73.295 GC heap before
{Heap before GC invocations=15 (full 2):
 PSYoungGen      total 308224K, used 294941K [0x000000076ae00000, 0x000000077f500000, 0x00000007c0000000)
  eden space 288768K, 100% used [0x000000076ae00000,0x000000077c800000,0x000000077c800000)
  from space 19456K, 31% used [0x000000077e200000,0x000000077e8074b8,0x000000077f500000)
  to   space 23040K, 0% used [0x000000077c800000,0x000000077c800000,0x000000077de80000)
 ParOldGen       total 138240K, used 50096K [0x00000006c0a00000, 0x00000006c9100000, 0x000000076ae00000)
  object space 138240K, 36% used [0x00000006c0a00000,0x00000006c3aec0f0,0x00000006c9100000)
 Metaspace       used 36519K, capacity 37398K, committed 37504K, reserved 1081344K
  class space    used 4469K, capacity 4673K, committed 4736K, reserved 1048576K
Event: 73.300 GC heap after
Heap after GC invocations=15 (full 2):
 PSYoungGen      total 311808K, used 2848K [0x000000076ae00000, 0x0000000788500000, 0x00000007c0000000)
  eden space 288768K, 0% used [0x000000076ae00000,0x000000076ae00000,0x000000077c800000)
  from space 23040K, 12% used [0x000000077c800000,0x000000077cac8000,0x000000077de80000)
  to   space 23040K, 0% used [0x0000000786e80000,0x0000000786e80000,0x0000000788500000)
 ParOldGen       total 138240K, used 53519K [0x00000006c0a00000, 0x00000006c9100000, 0x000000076ae00000)
  object space 138240K, 38% used [0x00000006c0a00000,0x00000006c3e43d80,0x00000006c9100000)
 Metaspace       used 36519K, capacity 37398K, committed 37504K, reserved 1081344K
  class space    used 4469K, capacity 4673K, committed 4736K, reserved 1048576K
}
Event: 74.657 GC heap before
{Heap before GC invocations=16 (full 2):
 PSYoungGen      total 311808K, used 291616K [0x000000076ae00000, 0x0000000788500000, 0x00000007c0000000)
  eden space 288768K, 100% used [0x000000076ae00000,0x000000077c800000,0x000000077c800000)
  from space 23040K, 12% used [0x000000077c800000,0x000000077cac8000,0x000000077de80000)
  to   space 23040K, 0% used [0x0000000786e80000,0x0000000786e80000,0x0000000788500000)
 ParOldGen       total 138240K, used 53519K [0x00000006c0a00000, 0x00000006c9100000, 0x000000076ae00000)
  object space 138240K, 38% used [0x00000006c0a00000,0x00000006c3e43d80,0x00000006c9100000)
 Metaspace       used 36607K, capacity 37556K, committed 37760K, reserved 1083392K
  class space    used 4475K, capacity 4678K, committed 4736K, reserved 1048576K
Event: 74.663 GC heap after
Heap after GC invocations=16 (full 2):
 PSYoungGen      total 444928K, used 7363K [0x000000076ae00000, 0x0000000787c80000, 0x00000007c0000000)
  eden space 430592K, 0% used [0x000000076ae00000,0x000000076ae00000,0x0000000785280000)
  from space 14336K, 51% used [0x0000000786e80000,0x00000007875b0ce8,0x0000000787c80000)
  to   space 21504K, 0% used [0x0000000785280000,0x0000000785280000,0x0000000786780000)
 ParOldGen       total 138240K, used 53671K [0x00000006c0a00000, 0x00000006c9100000, 0x000000076ae00000)
  object space 138240K, 38% used [0x00000006c0a00000,0x00000006c3e69d80,0x00000006c9100000)
 Metaspace       used 36607K, capacity 37556K, committed 37760K, reserved 1083392K
  class space    used 4475K, capacity 4678K, committed 4736K, reserved 1048576K
}
Event: 76.709 GC heap before
{Heap before GC invocations=17 (full 2):
 PSYoungGen      total 444928K, used 437955K [0x000000076ae00000, 0x0000000787c80000, 0x00000007c0000000)
  eden space 430592K, 100% used [0x000000076ae00000,0x0000000785280000,0x0000000785280000)
  from space 14336K, 51% used [0x0000000786e80000,0x00000007875b0ce8,0x0000000787c80000)
  to   space 21504K, 0% used [0x0000000785280000,0x0000000785280000,0x0000000786780000)
 ParOldGen       total 138240K, used 53671K [0x00000006c0a00000, 0x00000006c9100000, 0x000000076ae00000)
  object space 138240K, 38% used [0x00000006c0a00000,0x00000006c3e69d80,0x00000006c9100000)
 Metaspace       used 36681K, capacity 37620K, committed 37760K, reserved 1083392K
  class space    used 4475K, capacity 4678K, committed 4736K, reserved 1048576K
Event: 76.716 GC heap after
Heap after GC invocations=17 (full 2):
 PSYoungGen      total 452096K, used 7897K [0x000000076ae00000, 0x0000000787c80000, 0x00000007c0000000)
  eden space 430592K, 0% used [0x000000076ae00000,0x000000076ae00000,0x0000000785280000)
  from space 21504K, 36% used [0x0000000785280000,0x0000000785a365f0,0x0000000786780000)
  to   space 14336K, 0% used [0x0000000786e80000,0x0000000786e80000,0x0000000787c80000)
 ParOldGen       total 138240K, used 53719K [0x00000006c0a00000, 0x00000006c9100000, 0x000000076ae00000)
  object space 138240K, 38% used [0x00000006c0a00000,0x00000006c3e75d80,0x00000006c9100000)
 Metaspace       used 36681K, capacity 37620K, committed 37760K, reserved 1083392K
  class space    used 4475K, capacity 4678K, committed 4736K, reserved 1048576K
}
Event: 78.849 GC heap before
{Heap before GC invocations=18 (full 2):
 PSYoungGen      total 452096K, used 438489K [0x000000076ae00000, 0x0000000787c80000, 0x00000007c0000000)
  eden space 430592K, 100% used [0x000000076ae00000,0x0000000785280000,0x0000000785280000)
  from space 21504K, 36% used [0x0000000785280000,0x0000000785a365f0,0x0000000786780000)
  to   space 14336K, 0% used [0x0000000786e80000,0x0000000786e80000,0x0000000787c80000)
 ParOldGen       total 138240K, used 53719K [0x00000006c0a00000, 0x00000006c9100000, 0x000000076ae00000)
  object space 138240K, 38% used [0x00000006c0a00000,0x00000006c3e75d80,0x00000006c9100000)
 Metaspace       used 36786K, capacity 37828K, committed 38016K, reserved 1083392K
  class space    used 4484K, capacity 4718K, committed 4736K, reserved 1048576K
Event: 78.861 GC heap after
Heap after GC invocations=18 (full 2):
 PSYoungGen      total 444928K, used 10688K [0x000000076ae00000, 0x0000000787c80000, 0x00000007c0000000)
  eden space 430592K, 0% used [0x000000076ae00000,0x000000076ae00000,0x0000000785280000)
  from space 14336K, 74% used [0x0000000786e80000,0x00000007878f0048,0x0000000787c80000)
  to   space 21504K, 0% used [0x0000000785280000,0x0000000785280000,0x0000000786780000)
 ParOldGen       total 138240K, used 60551K [0x00000006c0a00000, 0x00000006c9100000, 0x000000076ae00000)
  object space 138240K, 43% used [0x00000006c0a00000,0x00000006c4521e48,0x00000006c9100000)
 Metaspace       used 36786K, capacity 37828K, committed 38016K, reserved 1083392K
  class space    used 4484K, capacity 4718K, committed 4736K, reserved 1048576K
}
Event: 80.341 GC heap before
{Heap before GC invocations=19 (full 2):
 PSYoungGen      total 444928K, used 441280K [0x000000076ae00000, 0x0000000787c80000, 0x00000007c0000000)
  eden space 430592K, 100% used [0x000000076ae00000,0x0000000785280000,0x0000000785280000)
  from space 14336K, 74% used [0x0000000786e80000,0x00000007878f0048,0x0000000787c80000)
  to   space 21504K, 0% used [0x0000000785280000,0x0000000785280000,0x0000000786780000)
 ParOldGen       total 138240K, used 60551K [0x00000006c0a00000, 0x00000006c9100000, 0x000000076ae00000)
  object space 138240K, 43% used [0x00000006c0a00000,0x00000006c4521e48,0x00000006c9100000)
 Metaspace       used 36904K, capacity 37946K, committed 38016K, reserved 1083392K
  class space    used 4489K, capacity 4727K, committed 4736K, reserved 1048576K
Event: 80.363 GC heap after
Heap after GC invocations=19 (full 2):
 PSYoungGen      total 452096K, used 13124K [0x000000076ae00000, 0x000000078fe80000, 0x00000007c0000000)
  eden space 430592K, 0% used [0x000000076ae00000,0x000000076ae00000,0x0000000785280000)
  from space 21504K, 61% used [0x0000000785280000,0x0000000785f51180,0x0000000786780000)
  to   space 20480K, 0% used [0x000000078ea80000,0x000000078ea80000,0x000000078fe80000)
 ParOldGen       total 138240K, used 60631K [0x00000006c0a00000, 0x00000006c9100000, 0x000000076ae00000)
  object space 138240K, 43% used [0x00000006c0a00000,0x00000006c4535e58,0x00000006c9100000)
 Metaspace       used 36904K, capacity 37946K, committed 38016K, reserved 1083392K
  class space    used 4489K, capacity 4727K, committed 4736K, reserved 1048576K
}

