<?xml version="1.0" encoding="UTF-8" ?>
<testsuite tests="4" failures="0" name="nl.utwente.groove.test.verify.FormulaTest" time="0.008" errors="0" skipped="0">
  <properties>
[...]
</properties>
  <testcase classname="nl.utwente.groove.test.verify.FormulaTest" name="testFormulaToString" time="0"/>
  <testcase classname="nl.utwente.groove.test.verify.FormulaTest" name="testParse" time="0.007"/>
  <testcase classname="nl.utwente.groove.test.verify.FormulaTest" name="testIsCtlFormula" time="0"/>
  <testcase classname="nl.utwente.groove.test.verify.FormulaTest" name="testToCtlFormula" time="0.001"/>
</testsuite>